[0617/215802:WARNING:dns_config_service_win.cc(665)] Failed to read DnsConfig.
[0617/215807:WARNING:dns_config_service_win.cc(665)] Failed to read DnsConfig.
[0617/215808:ERROR:backend_impl.cc(2020)] Corrupt Index file
[0617/215808:ERROR:cache_util_win.cc(20)] Unable to move the cache: 5
[0617/215808:ERROR:cache_util.cc(134)] Unable to move cache folder C:\ProgramData\Altium\Altium Designer {6531FE8C-BBA1-4F6B-A39F-E30234011153}\BrowserCache to C:\ProgramData\Altium\Altium Designer {6531FE8C-BBA1-4F6B-A39F-E30234011153}\old_BrowserCache_000
[0617/215808:ERROR:cache_creator.cc(129)] Unable to create cache
[0617/215812:WARNING:dns_config_service_win.cc(665)] Failed to read DnsConfig.
[0617/215817:WARNING:dns_config_service_win.cc(665)] Failed to read DnsConfig.
[0617/215822:WARNING:dns_config_service_win.cc(665)] Failed to read DnsConfig.
[0617/215827:WARNING:dns_config_service_win.cc(665)] Failed to read DnsConfig.
[0617/215832:WARNING:dns_config_service_win.cc(665)] Failed to read DnsConfig.
[0617/215837:WARNING:dns_config_service_win.cc(665)] Failed to read DnsConfig.
[0617/215842:WARNING:dns_config_service_win.cc(665)] Failed to read DnsConfig.
[0617/215847:WARNING:dns_config_service_win.cc(665)] Failed to read DnsConfig.
[0617/215852:WARNING:dns_config_service_win.cc(665)] Failed to read DnsConfig.
[0617/215857:WARNING:dns_config_service_win.cc(665)] Failed to read DnsConfig.
[0617/215902:WARNING:dns_config_service_win.cc(665)] Failed to read DnsConfig.
[0617/215907:WARNING:dns_config_service_win.cc(665)] Failed to read DnsConfig.
[0617/215912:WARNING:dns_config_service_win.cc(665)] Failed to read DnsConfig.
[0617/215917:WARNING:dns_config_service_win.cc(665)] Failed to read DnsConfig.
[0617/215922:WARNING:dns_config_service_win.cc(665)] Failed to read DnsConfig.
[0617/215927:WARNING:dns_config_service_win.cc(665)] Failed to read DnsConfig.
[0617/215932:WARNING:dns_config_service_win.cc(665)] Failed to read DnsConfig.
[0617/215937:WARNING:dns_config_service_win.cc(665)] Failed to read DnsConfig.
[0617/215942:WARNING:dns_config_service_win.cc(665)] Failed to read DnsConfig.
[0617/215947:WARNING:dns_config_service_win.cc(665)] Failed to read DnsConfig.
[0617/215952:WARNING:dns_config_service_win.cc(665)] Failed to read DnsConfig.
[0617/215957:WARNING:dns_config_service_win.cc(665)] Failed to read DnsConfig.
[0617/220002:WARNING:dns_config_service_win.cc(665)] Failed to read DnsConfig.
[0617/220007:WARNING:dns_config_service_win.cc(665)] Failed to read DnsConfig.
[0617/220012:WARNING:dns_config_service_win.cc(665)] Failed to read DnsConfig.
[0617/220017:WARNING:dns_config_service_win.cc(665)] Failed to read DnsConfig.
[0617/220022:WARNING:dns_config_service_win.cc(665)] Failed to read DnsConfig.
[0617/220027:WARNING:dns_config_service_win.cc(665)] Failed to read DnsConfig.
[0617/220032:WARNING:dns_config_service_win.cc(665)] Failed to read DnsConfig.
[0617/220037:WARNING:dns_config_service_win.cc(665)] Failed to read DnsConfig.
[0617/220042:WARNING:dns_config_service_win.cc(665)] Failed to read DnsConfig.
[0617/220047:WARNING:dns_config_service_win.cc(665)] Failed to read DnsConfig.
[0617/220052:WARNING:dns_config_service_win.cc(665)] Failed to read DnsConfig.
[0617/220057:WARNING:dns_config_service_win.cc(665)] Failed to read DnsConfig.
[0617/220102:WARNING:dns_config_service_win.cc(665)] Failed to read DnsConfig.
[0617/220107:WARNING:dns_config_service_win.cc(665)] Failed to read DnsConfig.
[0617/220112:WARNING:dns_config_service_win.cc(665)] Failed to read DnsConfig.
[0617/220117:WARNING:dns_config_service_win.cc(665)] Failed to read DnsConfig.
[0617/220122:WARNING:dns_config_service_win.cc(665)] Failed to read DnsConfig.
[0617/220127:WARNING:dns_config_service_win.cc(665)] Failed to read DnsConfig.
[0617/220132:WARNING:dns_config_service_win.cc(665)] Failed to read DnsConfig.
[0617/220137:WARNING:dns_config_service_win.cc(665)] Failed to read DnsConfig.
[0617/220142:WARNING:dns_config_service_win.cc(665)] Failed to read DnsConfig.
[0617/220147:WARNING:dns_config_service_win.cc(665)] Failed to read DnsConfig.
[0617/220152:WARNING:dns_config_service_win.cc(665)] Failed to read DnsConfig.
[0617/220157:WARNING:dns_config_service_win.cc(665)] Failed to read DnsConfig.
[0617/220202:WARNING:dns_config_service_win.cc(665)] Failed to read DnsConfig.
[0617/220207:WARNING:dns_config_service_win.cc(665)] Failed to read DnsConfig.
[0617/220212:WARNING:dns_config_service_win.cc(665)] Failed to read DnsConfig.
[0617/220217:WARNING:dns_config_service_win.cc(665)] Failed to read DnsConfig.
[0617/220222:WARNING:dns_config_service_win.cc(665)] Failed to read DnsConfig.
[0617/220227:WARNING:dns_config_service_win.cc(665)] Failed to read DnsConfig.
[0617/220232:WARNING:dns_config_service_win.cc(665)] Failed to read DnsConfig.
[0617/220237:WARNING:dns_config_service_win.cc(665)] Failed to read DnsConfig.
[0617/220242:WARNING:dns_config_service_win.cc(665)] Failed to read DnsConfig.
[0617/220247:WARNING:dns_config_service_win.cc(665)] Failed to read DnsConfig.
[0617/220252:WARNING:dns_config_service_win.cc(665)] Failed to read DnsConfig.
[0617/220257:WARNING:dns_config_service_win.cc(665)] Failed to read DnsConfig.
[0617/220302:WARNING:dns_config_service_win.cc(665)] Failed to read DnsConfig.
[0617/220307:WARNING:dns_config_service_win.cc(665)] Failed to read DnsConfig.
[0617/220312:WARNING:dns_config_service_win.cc(665)] Failed to read DnsConfig.
[0617/220317:WARNING:dns_config_service_win.cc(665)] Failed to read DnsConfig.
[0617/220322:WARNING:dns_config_service_win.cc(665)] Failed to read DnsConfig.
[0617/220327:WARNING:dns_config_service_win.cc(665)] Failed to read DnsConfig.
[0617/220332:WARNING:dns_config_service_win.cc(665)] Failed to read DnsConfig.
[0617/220337:WARNING:dns_config_service_win.cc(665)] Failed to read DnsConfig.
[0617/220342:WARNING:dns_config_service_win.cc(665)] Failed to read DnsConfig.
[0617/220347:WARNING:dns_config_service_win.cc(665)] Failed to read DnsConfig.
[0617/220352:WARNING:dns_config_service_win.cc(665)] Failed to read DnsConfig.
[0617/220357:WARNING:dns_config_service_win.cc(665)] Failed to read DnsConfig.
[0617/220402:WARNING:dns_config_service_win.cc(665)] Failed to read DnsConfig.
[0617/220407:WARNING:dns_config_service_win.cc(665)] Failed to read DnsConfig.
[0617/220412:WARNING:dns_config_service_win.cc(665)] Failed to read DnsConfig.
[0617/220417:WARNING:dns_config_service_win.cc(665)] Failed to read DnsConfig.
[0617/220423:WARNING:dns_config_service_win.cc(665)] Failed to read DnsConfig.
[0617/220428:WARNING:dns_config_service_win.cc(665)] Failed to read DnsConfig.
[0617/220433:WARNING:dns_config_service_win.cc(665)] Failed to read DnsConfig.
[0617/220438:WARNING:dns_config_service_win.cc(665)] Failed to read DnsConfig.
[0617/220443:WARNING:dns_config_service_win.cc(665)] Failed to read DnsConfig.
[0617/220448:WARNING:dns_config_service_win.cc(665)] Failed to read DnsConfig.
[0617/220453:WARNING:dns_config_service_win.cc(665)] Failed to read DnsConfig.
[0617/220458:WARNING:dns_config_service_win.cc(665)] Failed to read DnsConfig.
[0617/220503:WARNING:dns_config_service_win.cc(665)] Failed to read DnsConfig.
[0617/220508:WARNING:dns_config_service_win.cc(665)] Failed to read DnsConfig.
[0617/220513:WARNING:dns_config_service_win.cc(665)] Failed to read DnsConfig.
[0617/220518:WARNING:dns_config_service_win.cc(665)] Failed to read DnsConfig.
[0617/220523:WARNING:dns_config_service_win.cc(665)] Failed to read DnsConfig.
[0617/220528:WARNING:dns_config_service_win.cc(665)] Failed to read DnsConfig.
[0617/220533:WARNING:dns_config_service_win.cc(665)] Failed to read DnsConfig.
[0617/220538:WARNING:dns_config_service_win.cc(665)] Failed to read DnsConfig.
[0617/220543:WARNING:dns_config_service_win.cc(665)] Failed to read DnsConfig.
[0617/220548:WARNING:dns_config_service_win.cc(665)] Failed to read DnsConfig.
[0617/220553:WARNING:dns_config_service_win.cc(665)] Failed to read DnsConfig.
[0617/220558:WARNING:dns_config_service_win.cc(665)] Failed to read DnsConfig.
[0617/220603:WARNING:dns_config_service_win.cc(665)] Failed to read DnsConfig.
[0617/220608:WARNING:dns_config_service_win.cc(665)] Failed to read DnsConfig.
[0617/220613:WARNING:dns_config_service_win.cc(665)] Failed to read DnsConfig.
[0617/220618:WARNING:dns_config_service_win.cc(665)] Failed to read DnsConfig.
[0617/220623:WARNING:dns_config_service_win.cc(665)] Failed to read DnsConfig.
[0617/220628:WARNING:dns_config_service_win.cc(665)] Failed to read DnsConfig.
[0617/220633:WARNING:dns_config_service_win.cc(665)] Failed to read DnsConfig.
[0617/220638:WARNING:dns_config_service_win.cc(665)] Failed to read DnsConfig.
[0617/220643:WARNING:dns_config_service_win.cc(665)] Failed to read DnsConfig.
[0617/220648:WARNING:dns_config_service_win.cc(665)] Failed to read DnsConfig.
[0617/220653:WARNING:dns_config_service_win.cc(665)] Failed to read DnsConfig.
[0617/220658:WARNING:dns_config_service_win.cc(665)] Failed to read DnsConfig.
[0617/220703:WARNING:dns_config_service_win.cc(665)] Failed to read DnsConfig.
[0617/220708:WARNING:dns_config_service_win.cc(665)] Failed to read DnsConfig.
[0617/220713:WARNING:dns_config_service_win.cc(665)] Failed to read DnsConfig.
[0617/220718:WARNING:dns_config_service_win.cc(665)] Failed to read DnsConfig.
[0617/220723:WARNING:dns_config_service_win.cc(665)] Failed to read DnsConfig.
[0617/220728:WARNING:dns_config_service_win.cc(665)] Failed to read DnsConfig.
[0617/220733:WARNING:dns_config_service_win.cc(665)] Failed to read DnsConfig.
[0617/220738:WARNING:dns_config_service_win.cc(665)] Failed to read DnsConfig.
[0617/220743:WARNING:dns_config_service_win.cc(665)] Failed to read DnsConfig.
[0617/220748:WARNING:dns_config_service_win.cc(665)] Failed to read DnsConfig.
[0617/220753:WARNING:dns_config_service_win.cc(665)] Failed to read DnsConfig.
[0617/220758:WARNING:dns_config_service_win.cc(665)] Failed to read DnsConfig.
[0617/220803:WARNING:dns_config_service_win.cc(665)] Failed to read DnsConfig.
[0617/220808:WARNING:dns_config_service_win.cc(665)] Failed to read DnsConfig.
[0617/220813:WARNING:dns_config_service_win.cc(665)] Failed to read DnsConfig.
[0617/220818:WARNING:dns_config_service_win.cc(665)] Failed to read DnsConfig.
[0617/220823:WARNING:dns_config_service_win.cc(665)] Failed to read DnsConfig.
[0617/220828:WARNING:dns_config_service_win.cc(665)] Failed to read DnsConfig.
[0617/220833:WARNING:dns_config_service_win.cc(665)] Failed to read DnsConfig.
[0617/220838:WARNING:dns_config_service_win.cc(665)] Failed to read DnsConfig.
[0617/220843:WARNING:dns_config_service_win.cc(665)] Failed to read DnsConfig.
[0617/220848:WARNING:dns_config_service_win.cc(665)] Failed to read DnsConfig.
[0617/220853:WARNING:dns_config_service_win.cc(665)] Failed to read DnsConfig.
[0617/220858:WARNING:dns_config_service_win.cc(665)] Failed to read DnsConfig.
[0617/220903:WARNING:dns_config_service_win.cc(665)] Failed to read DnsConfig.
[0617/220908:WARNING:dns_config_service_win.cc(665)] Failed to read DnsConfig.
[0617/220913:WARNING:dns_config_service_win.cc(665)] Failed to read DnsConfig.
[0617/220918:WARNING:dns_config_service_win.cc(665)] Failed to read DnsConfig.
[0617/220923:WARNING:dns_config_service_win.cc(665)] Failed to read DnsConfig.
[0617/220928:WARNING:dns_config_service_win.cc(665)] Failed to read DnsConfig.
[0617/220933:WARNING:dns_config_service_win.cc(665)] Failed to read DnsConfig.
[0617/220938:WARNING:dns_config_service_win.cc(665)] Failed to read DnsConfig.
[0617/220943:WARNING:dns_config_service_win.cc(665)] Failed to read DnsConfig.
[0617/220948:WARNING:dns_config_service_win.cc(665)] Failed to read DnsConfig.
[0617/220953:WARNING:dns_config_service_win.cc(665)] Failed to read DnsConfig.
[0617/220958:WARNING:dns_config_service_win.cc(665)] Failed to read DnsConfig.
[0617/221003:WARNING:dns_config_service_win.cc(665)] Failed to read DnsConfig.
[0617/221008:WARNING:dns_config_service_win.cc(665)] Failed to read DnsConfig.
[0617/221013:WARNING:dns_config_service_win.cc(665)] Failed to read DnsConfig.
[0617/221018:WARNING:dns_config_service_win.cc(665)] Failed to read DnsConfig.
[0617/221023:WARNING:dns_config_service_win.cc(665)] Failed to read DnsConfig.
[0617/221028:WARNING:dns_config_service_win.cc(665)] Failed to read DnsConfig.
[0617/221033:WARNING:dns_config_service_win.cc(665)] Failed to read DnsConfig.
[0617/221038:WARNING:dns_config_service_win.cc(665)] Failed to read DnsConfig.
[0617/221043:WARNING:dns_config_service_win.cc(665)] Failed to read DnsConfig.
[0617/221048:WARNING:dns_config_service_win.cc(665)] Failed to read DnsConfig.
[0617/221053:WARNING:dns_config_service_win.cc(665)] Failed to read DnsConfig.
[0617/221058:WARNING:dns_config_service_win.cc(665)] Failed to read DnsConfig.
[0617/221103:WARNING:dns_config_service_win.cc(665)] Failed to read DnsConfig.
[0617/221108:WARNING:dns_config_service_win.cc(665)] Failed to read DnsConfig.
[0617/221113:WARNING:dns_config_service_win.cc(665)] Failed to read DnsConfig.
[0617/221118:WARNING:dns_config_service_win.cc(665)] Failed to read DnsConfig.
[0617/221123:WARNING:dns_config_service_win.cc(665)] Failed to read DnsConfig.
[0617/221128:WARNING:dns_config_service_win.cc(665)] Failed to read DnsConfig.
[0617/221133:WARNING:dns_config_service_win.cc(665)] Failed to read DnsConfig.
[0617/221138:WARNING:dns_config_service_win.cc(665)] Failed to read DnsConfig.
[0617/221143:WARNING:dns_config_service_win.cc(665)] Failed to read DnsConfig.
[0617/221148:WARNING:dns_config_service_win.cc(665)] Failed to read DnsConfig.
[0617/221153:WARNING:dns_config_service_win.cc(665)] Failed to read DnsConfig.
[0617/221158:WARNING:dns_config_service_win.cc(665)] Failed to read DnsConfig.
[0617/221203:WARNING:dns_config_service_win.cc(665)] Failed to read DnsConfig.
[0617/221208:WARNING:dns_config_service_win.cc(665)] Failed to read DnsConfig.
[0617/221213:WARNING:dns_config_service_win.cc(665)] Failed to read DnsConfig.
[0617/221218:WARNING:dns_config_service_win.cc(665)] Failed to read DnsConfig.
[0617/221223:WARNING:dns_config_service_win.cc(665)] Failed to read DnsConfig.
[0617/221228:WARNING:dns_config_service_win.cc(665)] Failed to read DnsConfig.
[0617/221233:WARNING:dns_config_service_win.cc(665)] Failed to read DnsConfig.
[0617/221238:WARNING:dns_config_service_win.cc(665)] Failed to read DnsConfig.
[0617/221243:WARNING:dns_config_service_win.cc(665)] Failed to read DnsConfig.
[0617/221248:WARNING:dns_config_service_win.cc(665)] Failed to read DnsConfig.
[0617/221253:WARNING:dns_config_service_win.cc(665)] Failed to read DnsConfig.
[0617/221258:WARNING:dns_config_service_win.cc(665)] Failed to read DnsConfig.
[0617/221303:WARNING:dns_config_service_win.cc(665)] Failed to read DnsConfig.
[0617/221308:WARNING:dns_config_service_win.cc(665)] Failed to read DnsConfig.
[0617/221313:WARNING:dns_config_service_win.cc(665)] Failed to read DnsConfig.
[0617/221318:WARNING:dns_config_service_win.cc(665)] Failed to read DnsConfig.
[0617/221323:WARNING:dns_config_service_win.cc(665)] Failed to read DnsConfig.
[0617/221328:WARNING:dns_config_service_win.cc(665)] Failed to read DnsConfig.
[0617/221333:WARNING:dns_config_service_win.cc(665)] Failed to read DnsConfig.
[0617/221338:WARNING:dns_config_service_win.cc(665)] Failed to read DnsConfig.
[0617/221344:WARNING:dns_config_service_win.cc(665)] Failed to read DnsConfig.
[0617/221349:WARNING:dns_config_service_win.cc(665)] Failed to read DnsConfig.
[0617/221354:WARNING:dns_config_service_win.cc(665)] Failed to read DnsConfig.
[0617/221359:WARNING:dns_config_service_win.cc(665)] Failed to read DnsConfig.
[0617/221404:WARNING:dns_config_service_win.cc(665)] Failed to read DnsConfig.
[0617/221409:WARNING:dns_config_service_win.cc(665)] Failed to read DnsConfig.
[0617/221414:WARNING:dns_config_service_win.cc(665)] Failed to read DnsConfig.
[0617/221419:WARNING:dns_config_service_win.cc(665)] Failed to read DnsConfig.
[0617/221424:WARNING:dns_config_service_win.cc(665)] Failed to read DnsConfig.
[0617/221429:WARNING:dns_config_service_win.cc(665)] Failed to read DnsConfig.
[0617/221434:WARNING:dns_config_service_win.cc(665)] Failed to read DnsConfig.
[0617/221439:WARNING:dns_config_service_win.cc(665)] Failed to read DnsConfig.
[0617/221444:WARNING:dns_config_service_win.cc(665)] Failed to read DnsConfig.
[0617/221449:WARNING:dns_config_service_win.cc(665)] Failed to read DnsConfig.
[0617/221454:WARNING:dns_config_service_win.cc(665)] Failed to read DnsConfig.
[0617/221459:WARNING:dns_config_service_win.cc(665)] Failed to read DnsConfig.
[0617/221504:WARNING:dns_config_service_win.cc(665)] Failed to read DnsConfig.
[0617/221509:WARNING:dns_config_service_win.cc(665)] Failed to read DnsConfig.
[0617/221514:WARNING:dns_config_service_win.cc(665)] Failed to read DnsConfig.
[0617/221519:WARNING:dns_config_service_win.cc(665)] Failed to read DnsConfig.
[0617/221524:WARNING:dns_config_service_win.cc(665)] Failed to read DnsConfig.
[0617/221529:WARNING:dns_config_service_win.cc(665)] Failed to read DnsConfig.
[0617/221534:WARNING:dns_config_service_win.cc(665)] Failed to read DnsConfig.
[0617/221539:WARNING:dns_config_service_win.cc(665)] Failed to read DnsConfig.
[0617/221544:WARNING:dns_config_service_win.cc(665)] Failed to read DnsConfig.
[0617/221549:WARNING:dns_config_service_win.cc(665)] Failed to read DnsConfig.
[0617/221554:WARNING:dns_config_service_win.cc(665)] Failed to read DnsConfig.
[0617/221559:WARNING:dns_config_service_win.cc(665)] Failed to read DnsConfig.
[0617/221604:WARNING:dns_config_service_win.cc(665)] Failed to read DnsConfig.
[0617/221609:WARNING:dns_config_service_win.cc(665)] Failed to read DnsConfig.
[0617/221614:WARNING:dns_config_service_win.cc(665)] Failed to read DnsConfig.
[0617/221619:WARNING:dns_config_service_win.cc(665)] Failed to read DnsConfig.
[0617/221624:WARNING:dns_config_service_win.cc(665)] Failed to read DnsConfig.
[0617/221629:WARNING:dns_config_service_win.cc(665)] Failed to read DnsConfig.
[0617/221634:WARNING:dns_config_service_win.cc(665)] Failed to read DnsConfig.
[0617/221639:WARNING:dns_config_service_win.cc(665)] Failed to read DnsConfig.
[0617/221644:WARNING:dns_config_service_win.cc(665)] Failed to read DnsConfig.
[0617/221649:WARNING:dns_config_service_win.cc(665)] Failed to read DnsConfig.
[0617/221654:WARNING:dns_config_service_win.cc(665)] Failed to read DnsConfig.
[0617/221659:WARNING:dns_config_service_win.cc(665)] Failed to read DnsConfig.
[0617/221704:WARNING:dns_config_service_win.cc(665)] Failed to read DnsConfig.
[0617/221709:WARNING:dns_config_service_win.cc(665)] Failed to read DnsConfig.
[0617/221714:WARNING:dns_config_service_win.cc(665)] Failed to read DnsConfig.
[0617/221719:WARNING:dns_config_service_win.cc(665)] Failed to read DnsConfig.
[0617/221724:WARNING:dns_config_service_win.cc(665)] Failed to read DnsConfig.
[0617/221729:WARNING:dns_config_service_win.cc(665)] Failed to read DnsConfig.
[0617/221734:WARNING:dns_config_service_win.cc(665)] Failed to read DnsConfig.
[0617/221739:WARNING:dns_config_service_win.cc(665)] Failed to read DnsConfig.
[0617/221744:WARNING:dns_config_service_win.cc(665)] Failed to read DnsConfig.
[0617/221749:WARNING:dns_config_service_win.cc(665)] Failed to read DnsConfig.
[0617/221754:WARNING:dns_config_service_win.cc(665)] Failed to read DnsConfig.
[0617/221759:WARNING:dns_config_service_win.cc(665)] Failed to read DnsConfig.
[0617/221804:WARNING:dns_config_service_win.cc(665)] Failed to read DnsConfig.
[0617/221809:WARNING:dns_config_service_win.cc(665)] Failed to read DnsConfig.
[0617/221814:WARNING:dns_config_service_win.cc(665)] Failed to read DnsConfig.
[0617/221819:WARNING:dns_config_service_win.cc(665)] Failed to read DnsConfig.
[0617/221824:WARNING:dns_config_service_win.cc(665)] Failed to read DnsConfig.
[0617/221829:WARNING:dns_config_service_win.cc(665)] Failed to read DnsConfig.
[0617/221834:WARNING:dns_config_service_win.cc(665)] Failed to read DnsConfig.
[0617/221839:WARNING:dns_config_service_win.cc(665)] Failed to read DnsConfig.
[0617/221844:WARNING:dns_config_service_win.cc(665)] Failed to read DnsConfig.
[0617/221849:WARNING:dns_config_service_win.cc(665)] Failed to read DnsConfig.
[0617/221854:WARNING:dns_config_service_win.cc(665)] Failed to read DnsConfig.
[0617/221859:WARNING:dns_config_service_win.cc(665)] Failed to read DnsConfig.
[0617/221904:WARNING:dns_config_service_win.cc(665)] Failed to read DnsConfig.
[0617/221909:WARNING:dns_config_service_win.cc(665)] Failed to read DnsConfig.
[0617/221914:WARNING:dns_config_service_win.cc(665)] Failed to read DnsConfig.
[0617/221919:WARNING:dns_config_service_win.cc(665)] Failed to read DnsConfig.
[0617/221924:WARNING:dns_config_service_win.cc(665)] Failed to read DnsConfig.
[0617/221929:WARNING:dns_config_service_win.cc(665)] Failed to read DnsConfig.
[0617/221934:WARNING:dns_config_service_win.cc(665)] Failed to read DnsConfig.
[0617/221939:WARNING:dns_config_service_win.cc(665)] Failed to read DnsConfig.
[0617/221944:WARNING:dns_config_service_win.cc(665)] Failed to read DnsConfig.
[0617/221949:WARNING:dns_config_service_win.cc(665)] Failed to read DnsConfig.
[0617/221954:WARNING:dns_config_service_win.cc(665)] Failed to read DnsConfig.
[0617/221959:WARNING:dns_config_service_win.cc(665)] Failed to read DnsConfig.
[0617/222004:WARNING:dns_config_service_win.cc(665)] Failed to read DnsConfig.
[0617/222009:WARNING:dns_config_service_win.cc(665)] Failed to read DnsConfig.
[0617/222014:WARNING:dns_config_service_win.cc(665)] Failed to read DnsConfig.
[0617/222019:WARNING:dns_config_service_win.cc(665)] Failed to read DnsConfig.
[0617/222024:WARNING:dns_config_service_win.cc(665)] Failed to read DnsConfig.
[0617/222029:WARNING:dns_config_service_win.cc(665)] Failed to read DnsConfig.
[0617/222034:WARNING:dns_config_service_win.cc(665)] Failed to read DnsConfig.
[0617/222039:WARNING:dns_config_service_win.cc(665)] Failed to read DnsConfig.
[0617/222044:WARNING:dns_config_service_win.cc(665)] Failed to read DnsConfig.
[0617/222049:WARNING:dns_config_service_win.cc(665)] Failed to read DnsConfig.
[0617/222054:WARNING:dns_config_service_win.cc(665)] Failed to read DnsConfig.
[0617/222059:WARNING:dns_config_service_win.cc(665)] Failed to read DnsConfig.
[0617/222104:WARNING:dns_config_service_win.cc(665)] Failed to read DnsConfig.
[0617/222109:WARNING:dns_config_service_win.cc(665)] Failed to read DnsConfig.
[0617/222114:WARNING:dns_config_service_win.cc(665)] Failed to read DnsConfig.
[0617/222119:WARNING:dns_config_service_win.cc(665)] Failed to read DnsConfig.
[0617/222124:WARNING:dns_config_service_win.cc(665)] Failed to read DnsConfig.
[0617/222129:WARNING:dns_config_service_win.cc(665)] Failed to read DnsConfig.
[0617/222134:WARNING:dns_config_service_win.cc(665)] Failed to read DnsConfig.
[0617/222139:WARNING:dns_config_service_win.cc(665)] Failed to read DnsConfig.
[0617/222144:WARNING:dns_config_service_win.cc(665)] Failed to read DnsConfig.
[0617/222149:WARNING:dns_config_service_win.cc(665)] Failed to read DnsConfig.
[0617/222154:WARNING:dns_config_service_win.cc(665)] Failed to read DnsConfig.
[0617/222159:WARNING:dns_config_service_win.cc(665)] Failed to read DnsConfig.
[0617/222204:WARNING:dns_config_service_win.cc(665)] Failed to read DnsConfig.
[0617/222209:WARNING:dns_config_service_win.cc(665)] Failed to read DnsConfig.
[0617/222214:WARNING:dns_config_service_win.cc(665)] Failed to read DnsConfig.
[0617/222219:WARNING:dns_config_service_win.cc(665)] Failed to read DnsConfig.
[0617/222224:WARNING:dns_config_service_win.cc(665)] Failed to read DnsConfig.
[0617/222229:WARNING:dns_config_service_win.cc(665)] Failed to read DnsConfig.
[0617/222234:WARNING:dns_config_service_win.cc(665)] Failed to read DnsConfig.
[0617/222239:WARNING:dns_config_service_win.cc(665)] Failed to read DnsConfig.
[0617/222244:WARNING:dns_config_service_win.cc(665)] Failed to read DnsConfig.
[0617/222249:WARNING:dns_config_service_win.cc(665)] Failed to read DnsConfig.
[0617/222254:WARNING:dns_config_service_win.cc(665)] Failed to read DnsConfig.
[0617/222259:WARNING:dns_config_service_win.cc(665)] Failed to read DnsConfig.
[0617/222304:WARNING:dns_config_service_win.cc(665)] Failed to read DnsConfig.
[0617/222309:WARNING:dns_config_service_win.cc(665)] Failed to read DnsConfig.
[0617/222314:WARNING:dns_config_service_win.cc(665)] Failed to read DnsConfig.
[0617/222319:WARNING:dns_config_service_win.cc(665)] Failed to read DnsConfig.
[0617/222325:WARNING:dns_config_service_win.cc(665)] Failed to read DnsConfig.
[0617/222330:WARNING:dns_config_service_win.cc(665)] Failed to read DnsConfig.
[0617/222335:WARNING:dns_config_service_win.cc(665)] Failed to read DnsConfig.
[0617/222340:WARNING:dns_config_service_win.cc(665)] Failed to read DnsConfig.
[0617/222345:WARNING:dns_config_service_win.cc(665)] Failed to read DnsConfig.
[0617/222350:WARNING:dns_config_service_win.cc(665)] Failed to read DnsConfig.
[0617/222355:WARNING:dns_config_service_win.cc(665)] Failed to read DnsConfig.
[0617/222400:WARNING:dns_config_service_win.cc(665)] Failed to read DnsConfig.
[0617/222405:WARNING:dns_config_service_win.cc(665)] Failed to read DnsConfig.
[0617/222410:WARNING:dns_config_service_win.cc(665)] Failed to read DnsConfig.
[0617/222415:WARNING:dns_config_service_win.cc(665)] Failed to read DnsConfig.
[0617/222420:WARNING:dns_config_service_win.cc(665)] Failed to read DnsConfig.
[0617/222425:WARNING:dns_config_service_win.cc(665)] Failed to read DnsConfig.
[0617/222430:WARNING:dns_config_service_win.cc(665)] Failed to read DnsConfig.
[0617/222435:WARNING:dns_config_service_win.cc(665)] Failed to read DnsConfig.
[0617/222440:WARNING:dns_config_service_win.cc(665)] Failed to read DnsConfig.
[0617/222445:WARNING:dns_config_service_win.cc(665)] Failed to read DnsConfig.
[0617/222450:WARNING:dns_config_service_win.cc(665)] Failed to read DnsConfig.
[0617/222455:WARNING:dns_config_service_win.cc(665)] Failed to read DnsConfig.
[0617/222500:WARNING:dns_config_service_win.cc(665)] Failed to read DnsConfig.
[0617/222505:WARNING:dns_config_service_win.cc(665)] Failed to read DnsConfig.
[0617/222510:WARNING:dns_config_service_win.cc(665)] Failed to read DnsConfig.
[0617/222515:WARNING:dns_config_service_win.cc(665)] Failed to read DnsConfig.
[0617/222520:WARNING:dns_config_service_win.cc(665)] Failed to read DnsConfig.
[0617/222525:WARNING:dns_config_service_win.cc(665)] Failed to read DnsConfig.
[0617/222530:WARNING:dns_config_service_win.cc(665)] Failed to read DnsConfig.
[0617/222535:WARNING:dns_config_service_win.cc(665)] Failed to read DnsConfig.
[0617/222540:WARNING:dns_config_service_win.cc(665)] Failed to read DnsConfig.
[0617/222545:WARNING:dns_config_service_win.cc(665)] Failed to read DnsConfig.
[0617/222550:WARNING:dns_config_service_win.cc(665)] Failed to read DnsConfig.
[0617/222555:WARNING:dns_config_service_win.cc(665)] Failed to read DnsConfig.
[0617/222600:WARNING:dns_config_service_win.cc(665)] Failed to read DnsConfig.
[0617/222605:WARNING:dns_config_service_win.cc(665)] Failed to read DnsConfig.
[0617/222610:WARNING:dns_config_service_win.cc(665)] Failed to read DnsConfig.
[0617/222615:WARNING:dns_config_service_win.cc(665)] Failed to read DnsConfig.
[0617/222620:WARNING:dns_config_service_win.cc(665)] Failed to read DnsConfig.
[0617/222625:WARNING:dns_config_service_win.cc(665)] Failed to read DnsConfig.
[0617/222630:WARNING:dns_config_service_win.cc(665)] Failed to read DnsConfig.
[0617/222635:WARNING:dns_config_service_win.cc(665)] Failed to read DnsConfig.
[0617/222640:WARNING:dns_config_service_win.cc(665)] Failed to read DnsConfig.
[0617/222645:WARNING:dns_config_service_win.cc(665)] Failed to read DnsConfig.
[0617/222650:WARNING:dns_config_service_win.cc(665)] Failed to read DnsConfig.
[0617/222655:WARNING:dns_config_service_win.cc(665)] Failed to read DnsConfig.
[0617/222700:WARNING:dns_config_service_win.cc(665)] Failed to read DnsConfig.
[0617/222705:WARNING:dns_config_service_win.cc(665)] Failed to read DnsConfig.
[0617/222710:WARNING:dns_config_service_win.cc(665)] Failed to read DnsConfig.
[0617/222715:WARNING:dns_config_service_win.cc(665)] Failed to read DnsConfig.
[0617/222720:WARNING:dns_config_service_win.cc(665)] Failed to read DnsConfig.
[0617/222725:WARNING:dns_config_service_win.cc(665)] Failed to read DnsConfig.
[0617/222730:WARNING:dns_config_service_win.cc(665)] Failed to read DnsConfig.
[0617/222735:WARNING:dns_config_service_win.cc(665)] Failed to read DnsConfig.
[0617/222740:WARNING:dns_config_service_win.cc(665)] Failed to read DnsConfig.
[0617/222745:WARNING:dns_config_service_win.cc(665)] Failed to read DnsConfig.
[0617/222750:WARNING:dns_config_service_win.cc(665)] Failed to read DnsConfig.
[0617/222755:WARNING:dns_config_service_win.cc(665)] Failed to read DnsConfig.
[0617/222800:WARNING:dns_config_service_win.cc(665)] Failed to read DnsConfig.
[0617/222805:WARNING:dns_config_service_win.cc(665)] Failed to read DnsConfig.
[0617/222810:WARNING:dns_config_service_win.cc(665)] Failed to read DnsConfig.
[0617/222815:WARNING:dns_config_service_win.cc(665)] Failed to read DnsConfig.
[0617/222820:WARNING:dns_config_service_win.cc(665)] Failed to read DnsConfig.
[0617/222825:WARNING:dns_config_service_win.cc(665)] Failed to read DnsConfig.
[0617/222830:WARNING:dns_config_service_win.cc(665)] Failed to read DnsConfig.
[0617/222835:WARNING:dns_config_service_win.cc(665)] Failed to read DnsConfig.
[0617/222840:WARNING:dns_config_service_win.cc(665)] Failed to read DnsConfig.
[0617/222845:WARNING:dns_config_service_win.cc(665)] Failed to read DnsConfig.
[0617/222850:WARNING:dns_config_service_win.cc(665)] Failed to read DnsConfig.
[0617/222855:WARNING:dns_config_service_win.cc(665)] Failed to read DnsConfig.
[0617/222900:WARNING:dns_config_service_win.cc(665)] Failed to read DnsConfig.
[0617/222905:WARNING:dns_config_service_win.cc(665)] Failed to read DnsConfig.
[0617/222910:WARNING:dns_config_service_win.cc(665)] Failed to read DnsConfig.
[0617/222915:WARNING:dns_config_service_win.cc(665)] Failed to read DnsConfig.
[0617/222920:WARNING:dns_config_service_win.cc(665)] Failed to read DnsConfig.
[0617/222925:WARNING:dns_config_service_win.cc(665)] Failed to read DnsConfig.
[0617/222930:WARNING:dns_config_service_win.cc(665)] Failed to read DnsConfig.
[0617/222935:WARNING:dns_config_service_win.cc(665)] Failed to read DnsConfig.
[0617/222940:WARNING:dns_config_service_win.cc(665)] Failed to read DnsConfig.
[0617/222945:WARNING:dns_config_service_win.cc(665)] Failed to read DnsConfig.
[0617/222950:WARNING:dns_config_service_win.cc(665)] Failed to read DnsConfig.
[0617/222955:WARNING:dns_config_service_win.cc(665)] Failed to read DnsConfig.
[0617/223000:WARNING:dns_config_service_win.cc(665)] Failed to read DnsConfig.
[0617/223005:WARNING:dns_config_service_win.cc(665)] Failed to read DnsConfig.
[0617/223010:WARNING:dns_config_service_win.cc(665)] Failed to read DnsConfig.
[0617/223015:WARNING:dns_config_service_win.cc(665)] Failed to read DnsConfig.
[0617/223020:WARNING:dns_config_service_win.cc(665)] Failed to read DnsConfig.
[0617/223025:WARNING:dns_config_service_win.cc(665)] Failed to read DnsConfig.
[0617/223030:WARNING:dns_config_service_win.cc(665)] Failed to read DnsConfig.
[0617/223035:WARNING:dns_config_service_win.cc(665)] Failed to read DnsConfig.
[0617/223040:WARNING:dns_config_service_win.cc(665)] Failed to read DnsConfig.
[0617/223045:WARNING:dns_config_service_win.cc(665)] Failed to read DnsConfig.
[0617/223050:WARNING:dns_config_service_win.cc(665)] Failed to read DnsConfig.
[0617/223055:WARNING:dns_config_service_win.cc(665)] Failed to read DnsConfig.
[0617/223100:WARNING:dns_config_service_win.cc(665)] Failed to read DnsConfig.
[0617/223105:WARNING:dns_config_service_win.cc(665)] Failed to read DnsConfig.
[0617/223110:WARNING:dns_config_service_win.cc(665)] Failed to read DnsConfig.
[0617/223115:WARNING:dns_config_service_win.cc(665)] Failed to read DnsConfig.
[0617/223120:WARNING:dns_config_service_win.cc(665)] Failed to read DnsConfig.
[0617/223125:WARNING:dns_config_service_win.cc(665)] Failed to read DnsConfig.
[0617/223130:WARNING:dns_config_service_win.cc(665)] Failed to read DnsConfig.
[0617/223135:WARNING:dns_config_service_win.cc(665)] Failed to read DnsConfig.
[0617/223140:WARNING:dns_config_service_win.cc(665)] Failed to read DnsConfig.
[0617/223145:WARNING:dns_config_service_win.cc(665)] Failed to read DnsConfig.
[0617/223150:WARNING:dns_config_service_win.cc(665)] Failed to read DnsConfig.
[0617/223155:WARNING:dns_config_service_win.cc(665)] Failed to read DnsConfig.
[0617/223200:WARNING:dns_config_service_win.cc(665)] Failed to read DnsConfig.
[0617/223205:WARNING:dns_config_service_win.cc(665)] Failed to read DnsConfig.
[0617/223210:WARNING:dns_config_service_win.cc(665)] Failed to read DnsConfig.
[0617/223215:WARNING:dns_config_service_win.cc(665)] Failed to read DnsConfig.
[0617/223220:WARNING:dns_config_service_win.cc(665)] Failed to read DnsConfig.
[0617/223225:WARNING:dns_config_service_win.cc(665)] Failed to read DnsConfig.
[0617/223231:WARNING:dns_config_service_win.cc(665)] Failed to read DnsConfig.
[0617/223236:WARNING:dns_config_service_win.cc(665)] Failed to read DnsConfig.
[0617/223241:WARNING:dns_config_service_win.cc(665)] Failed to read DnsConfig.
[0617/223246:WARNING:dns_config_service_win.cc(665)] Failed to read DnsConfig.
[0617/223251:WARNING:dns_config_service_win.cc(665)] Failed to read DnsConfig.
[0617/223256:WARNING:dns_config_service_win.cc(665)] Failed to read DnsConfig.
[0617/223301:WARNING:dns_config_service_win.cc(665)] Failed to read DnsConfig.
[0617/223306:WARNING:dns_config_service_win.cc(665)] Failed to read DnsConfig.
[0617/223311:WARNING:dns_config_service_win.cc(665)] Failed to read DnsConfig.
[0617/223316:WARNING:dns_config_service_win.cc(665)] Failed to read DnsConfig.
[0617/223321:WARNING:dns_config_service_win.cc(665)] Failed to read DnsConfig.
[0617/223326:WARNING:dns_config_service_win.cc(665)] Failed to read DnsConfig.
[0617/223331:WARNING:dns_config_service_win.cc(665)] Failed to read DnsConfig.
[0617/223336:WARNING:dns_config_service_win.cc(665)] Failed to read DnsConfig.
[0617/223341:WARNING:dns_config_service_win.cc(665)] Failed to read DnsConfig.
[0617/223346:WARNING:dns_config_service_win.cc(665)] Failed to read DnsConfig.
[0617/223351:WARNING:dns_config_service_win.cc(665)] Failed to read DnsConfig.
[0617/223356:WARNING:dns_config_service_win.cc(665)] Failed to read DnsConfig.
[0617/223401:WARNING:dns_config_service_win.cc(665)] Failed to read DnsConfig.
[0617/223406:WARNING:dns_config_service_win.cc(665)] Failed to read DnsConfig.
[0617/223411:WARNING:dns_config_service_win.cc(665)] Failed to read DnsConfig.
[0617/223416:WARNING:dns_config_service_win.cc(665)] Failed to read DnsConfig.
[0617/223421:WARNING:dns_config_service_win.cc(665)] Failed to read DnsConfig.
[0617/223426:WARNING:dns_config_service_win.cc(665)] Failed to read DnsConfig.
[0617/223431:WARNING:dns_config_service_win.cc(665)] Failed to read DnsConfig.
[0617/223436:WARNING:dns_config_service_win.cc(665)] Failed to read DnsConfig.
[0617/223441:WARNING:dns_config_service_win.cc(665)] Failed to read DnsConfig.
[0617/223446:WARNING:dns_config_service_win.cc(665)] Failed to read DnsConfig.
[0617/223451:WARNING:dns_config_service_win.cc(665)] Failed to read DnsConfig.
[0617/223456:WARNING:dns_config_service_win.cc(665)] Failed to read DnsConfig.
[0617/223501:WARNING:dns_config_service_win.cc(665)] Failed to read DnsConfig.
[0617/223506:WARNING:dns_config_service_win.cc(665)] Failed to read DnsConfig.
[0617/223511:WARNING:dns_config_service_win.cc(665)] Failed to read DnsConfig.
[0617/223516:WARNING:dns_config_service_win.cc(665)] Failed to read DnsConfig.
[0617/223521:WARNING:dns_config_service_win.cc(665)] Failed to read DnsConfig.
[0617/223526:WARNING:dns_config_service_win.cc(665)] Failed to read DnsConfig.
[0617/223531:WARNING:dns_config_service_win.cc(665)] Failed to read DnsConfig.
[0617/223536:WARNING:dns_config_service_win.cc(665)] Failed to read DnsConfig.
[0617/223541:WARNING:dns_config_service_win.cc(665)] Failed to read DnsConfig.
[0617/223546:WARNING:dns_config_service_win.cc(665)] Failed to read DnsConfig.
[0617/223551:WARNING:dns_config_service_win.cc(665)] Failed to read DnsConfig.
[0617/223556:WARNING:dns_config_service_win.cc(665)] Failed to read DnsConfig.
[0617/223601:WARNING:dns_config_service_win.cc(665)] Failed to read DnsConfig.
[0617/223606:WARNING:dns_config_service_win.cc(665)] Failed to read DnsConfig.
[0617/223611:WARNING:dns_config_service_win.cc(665)] Failed to read DnsConfig.
[0617/223616:WARNING:dns_config_service_win.cc(665)] Failed to read DnsConfig.
[0617/223621:WARNING:dns_config_service_win.cc(665)] Failed to read DnsConfig.
[0617/223626:WARNING:dns_config_service_win.cc(665)] Failed to read DnsConfig.
[0617/223631:WARNING:dns_config_service_win.cc(665)] Failed to read DnsConfig.
[0617/223636:WARNING:dns_config_service_win.cc(665)] Failed to read DnsConfig.
[0617/223641:WARNING:dns_config_service_win.cc(665)] Failed to read DnsConfig.
[0617/223646:WARNING:dns_config_service_win.cc(665)] Failed to read DnsConfig.
[0617/223651:WARNING:dns_config_service_win.cc(665)] Failed to read DnsConfig.
[0617/223656:WARNING:dns_config_service_win.cc(665)] Failed to read DnsConfig.
[0617/223701:WARNING:dns_config_service_win.cc(665)] Failed to read DnsConfig.
[0617/223706:WARNING:dns_config_service_win.cc(665)] Failed to read DnsConfig.
[0617/223711:WARNING:dns_config_service_win.cc(665)] Failed to read DnsConfig.
[0617/223716:WARNING:dns_config_service_win.cc(665)] Failed to read DnsConfig.
[0618/000804:WARNING:dns_config_service_win.cc(665)] Failed to read DnsConfig.
[0618/000809:WARNING:dns_config_service_win.cc(665)] Failed to read DnsConfig.
[0618/000814:WARNING:dns_config_service_win.cc(665)] Failed to read DnsConfig.
[0618/000819:WARNING:dns_config_service_win.cc(665)] Failed to read DnsConfig.
[0618/000824:WARNING:dns_config_service_win.cc(665)] Failed to read DnsConfig.
[0618/000829:WARNING:dns_config_service_win.cc(665)] Failed to read DnsConfig.
[0618/000834:WARNING:dns_config_service_win.cc(665)] Failed to read DnsConfig.
[0618/000839:WARNING:dns_config_service_win.cc(665)] Failed to read DnsConfig.
[0618/000844:WARNING:dns_config_service_win.cc(665)] Failed to read DnsConfig.
[0618/000849:WARNING:dns_config_service_win.cc(665)] Failed to read DnsConfig.
[0618/000854:WARNING:dns_config_service_win.cc(665)] Failed to read DnsConfig.
[0618/000859:WARNING:dns_config_service_win.cc(665)] Failed to read DnsConfig.
[0618/000904:WARNING:dns_config_service_win.cc(665)] Failed to read DnsConfig.
[0618/000909:WARNING:dns_config_service_win.cc(665)] Failed to read DnsConfig.
[0618/000914:WARNING:dns_config_service_win.cc(665)] Failed to read DnsConfig.
[0618/000919:WARNING:dns_config_service_win.cc(665)] Failed to read DnsConfig.
[0618/000924:WARNING:dns_config_service_win.cc(665)] Failed to read DnsConfig.
[0618/000929:WARNING:dns_config_service_win.cc(665)] Failed to read DnsConfig.
[0618/000952:WARNING:dns_config_service_win.cc(665)] Failed to read DnsConfig.
[0618/000957:WARNING:dns_config_service_win.cc(665)] Failed to read DnsConfig.
[0618/001002:WARNING:dns_config_service_win.cc(665)] Failed to read DnsConfig.
[0618/001007:WARNING:dns_config_service_win.cc(665)] Failed to read DnsConfig.
[0618/001012:WARNING:dns_config_service_win.cc(665)] Failed to read DnsConfig.
[0618/001017:WARNING:dns_config_service_win.cc(665)] Failed to read DnsConfig.
[0618/001022:WARNING:dns_config_service_win.cc(665)] Failed to read DnsConfig.
[0618/001027:WARNING:dns_config_service_win.cc(665)] Failed to read DnsConfig.
[0618/001032:WARNING:dns_config_service_win.cc(665)] Failed to read DnsConfig.
[0618/001037:WARNING:dns_config_service_win.cc(665)] Failed to read DnsConfig.
[0618/001042:WARNING:dns_config_service_win.cc(665)] Failed to read DnsConfig.
[0618/001047:WARNING:dns_config_service_win.cc(665)] Failed to read DnsConfig.
[0618/001052:WARNING:dns_config_service_win.cc(665)] Failed to read DnsConfig.
[0618/001057:WARNING:dns_config_service_win.cc(665)] Failed to read DnsConfig.
[0618/001102:WARNING:dns_config_service_win.cc(665)] Failed to read DnsConfig.
[0618/001107:WARNING:dns_config_service_win.cc(665)] Failed to read DnsConfig.
[0618/001112:WARNING:dns_config_service_win.cc(665)] Failed to read DnsConfig.
[0618/001117:WARNING:dns_config_service_win.cc(665)] Failed to read DnsConfig.
[0618/001122:WARNING:dns_config_service_win.cc(665)] Failed to read DnsConfig.
[0618/001127:WARNING:dns_config_service_win.cc(665)] Failed to read DnsConfig.
[0618/001132:WARNING:dns_config_service_win.cc(665)] Failed to read DnsConfig.
[0618/001137:WARNING:dns_config_service_win.cc(665)] Failed to read DnsConfig.
[0618/001142:WARNING:dns_config_service_win.cc(665)] Failed to read DnsConfig.
[0618/001147:WARNING:dns_config_service_win.cc(665)] Failed to read DnsConfig.
[0618/001152:WARNING:dns_config_service_win.cc(665)] Failed to read DnsConfig.
[0618/001157:WARNING:dns_config_service_win.cc(665)] Failed to read DnsConfig.
[0618/001202:WARNING:dns_config_service_win.cc(665)] Failed to read DnsConfig.
[0618/001207:WARNING:dns_config_service_win.cc(665)] Failed to read DnsConfig.
[0618/001212:WARNING:dns_config_service_win.cc(665)] Failed to read DnsConfig.
[0618/001217:WARNING:dns_config_service_win.cc(665)] Failed to read DnsConfig.
[0618/001222:WARNING:dns_config_service_win.cc(665)] Failed to read DnsConfig.
[0618/001227:WARNING:dns_config_service_win.cc(665)] Failed to read DnsConfig.
[0618/001232:WARNING:dns_config_service_win.cc(665)] Failed to read DnsConfig.
[0618/001237:WARNING:dns_config_service_win.cc(665)] Failed to read DnsConfig.
[0618/001242:WARNING:dns_config_service_win.cc(665)] Failed to read DnsConfig.
[0618/001247:WARNING:dns_config_service_win.cc(665)] Failed to read DnsConfig.
[0618/001252:WARNING:dns_config_service_win.cc(665)] Failed to read DnsConfig.
[0618/001257:WARNING:dns_config_service_win.cc(665)] Failed to read DnsConfig.
[0618/001302:WARNING:dns_config_service_win.cc(665)] Failed to read DnsConfig.
[0618/001307:WARNING:dns_config_service_win.cc(665)] Failed to read DnsConfig.
[0618/001312:WARNING:dns_config_service_win.cc(665)] Failed to read DnsConfig.
[0618/001317:WARNING:dns_config_service_win.cc(665)] Failed to read DnsConfig.
[0618/001322:WARNING:dns_config_service_win.cc(665)] Failed to read DnsConfig.
[0618/001327:WARNING:dns_config_service_win.cc(665)] Failed to read DnsConfig.
[0618/001332:WARNING:dns_config_service_win.cc(665)] Failed to read DnsConfig.
[0618/001337:WARNING:dns_config_service_win.cc(665)] Failed to read DnsConfig.
[0618/001342:WARNING:dns_config_service_win.cc(665)] Failed to read DnsConfig.
[0618/001347:WARNING:dns_config_service_win.cc(665)] Failed to read DnsConfig.
[0618/001352:WARNING:dns_config_service_win.cc(665)] Failed to read DnsConfig.
[0618/001357:WARNING:dns_config_service_win.cc(665)] Failed to read DnsConfig.
[0618/001402:WARNING:dns_config_service_win.cc(665)] Failed to read DnsConfig.
[0618/001407:WARNING:dns_config_service_win.cc(665)] Failed to read DnsConfig.
[0618/001412:WARNING:dns_config_service_win.cc(665)] Failed to read DnsConfig.
[0618/001417:WARNING:dns_config_service_win.cc(665)] Failed to read DnsConfig.
[0618/001422:WARNING:dns_config_service_win.cc(665)] Failed to read DnsConfig.
[0618/001427:WARNING:dns_config_service_win.cc(665)] Failed to read DnsConfig.
[0618/001433:WARNING:dns_config_service_win.cc(665)] Failed to read DnsConfig.
[0618/001438:WARNING:dns_config_service_win.cc(665)] Failed to read DnsConfig.
[0618/001443:WARNING:dns_config_service_win.cc(665)] Failed to read DnsConfig.
[0618/001448:WARNING:dns_config_service_win.cc(665)] Failed to read DnsConfig.
[0618/001453:WARNING:dns_config_service_win.cc(665)] Failed to read DnsConfig.
[0618/001458:WARNING:dns_config_service_win.cc(665)] Failed to read DnsConfig.
[0618/001503:WARNING:dns_config_service_win.cc(665)] Failed to read DnsConfig.
[0618/001508:WARNING:dns_config_service_win.cc(665)] Failed to read DnsConfig.
[0618/001513:WARNING:dns_config_service_win.cc(665)] Failed to read DnsConfig.
[0618/001518:WARNING:dns_config_service_win.cc(665)] Failed to read DnsConfig.
[0618/001523:WARNING:dns_config_service_win.cc(665)] Failed to read DnsConfig.
[0618/001528:WARNING:dns_config_service_win.cc(665)] Failed to read DnsConfig.
[0618/001533:WARNING:dns_config_service_win.cc(665)] Failed to read DnsConfig.
[0618/001538:WARNING:dns_config_service_win.cc(665)] Failed to read DnsConfig.
[0618/001543:WARNING:dns_config_service_win.cc(665)] Failed to read DnsConfig.
[0618/001548:WARNING:dns_config_service_win.cc(665)] Failed to read DnsConfig.
[0618/001553:WARNING:dns_config_service_win.cc(665)] Failed to read DnsConfig.
[0618/001558:WARNING:dns_config_service_win.cc(665)] Failed to read DnsConfig.
[0618/001603:WARNING:dns_config_service_win.cc(665)] Failed to read DnsConfig.
[0618/001608:WARNING:dns_config_service_win.cc(665)] Failed to read DnsConfig.
[0618/001613:WARNING:dns_config_service_win.cc(665)] Failed to read DnsConfig.
[0618/001618:WARNING:dns_config_service_win.cc(665)] Failed to read DnsConfig.
[0618/001623:WARNING:dns_config_service_win.cc(665)] Failed to read DnsConfig.
[0618/001628:WARNING:dns_config_service_win.cc(665)] Failed to read DnsConfig.
[0618/001633:WARNING:dns_config_service_win.cc(665)] Failed to read DnsConfig.
[0618/001638:WARNING:dns_config_service_win.cc(665)] Failed to read DnsConfig.
[0618/001643:WARNING:dns_config_service_win.cc(665)] Failed to read DnsConfig.
[0618/001648:WARNING:dns_config_service_win.cc(665)] Failed to read DnsConfig.
[0618/001653:WARNING:dns_config_service_win.cc(665)] Failed to read DnsConfig.
[0618/001658:WARNING:dns_config_service_win.cc(665)] Failed to read DnsConfig.
[0618/001703:WARNING:dns_config_service_win.cc(665)] Failed to read DnsConfig.
[0618/001708:WARNING:dns_config_service_win.cc(665)] Failed to read DnsConfig.
[0618/001713:WARNING:dns_config_service_win.cc(665)] Failed to read DnsConfig.
[0618/001718:WARNING:dns_config_service_win.cc(665)] Failed to read DnsConfig.
[0618/001723:WARNING:dns_config_service_win.cc(665)] Failed to read DnsConfig.
[0618/001728:WARNING:dns_config_service_win.cc(665)] Failed to read DnsConfig.
[0618/001733:WARNING:dns_config_service_win.cc(665)] Failed to read DnsConfig.
[0618/001738:WARNING:dns_config_service_win.cc(665)] Failed to read DnsConfig.
[0618/001743:WARNING:dns_config_service_win.cc(665)] Failed to read DnsConfig.
[0618/001748:WARNING:dns_config_service_win.cc(665)] Failed to read DnsConfig.
[0618/001753:WARNING:dns_config_service_win.cc(665)] Failed to read DnsConfig.
[0618/001758:WARNING:dns_config_service_win.cc(665)] Failed to read DnsConfig.
[0618/001803:WARNING:dns_config_service_win.cc(665)] Failed to read DnsConfig.
[0618/001808:WARNING:dns_config_service_win.cc(665)] Failed to read DnsConfig.
[0618/001813:WARNING:dns_config_service_win.cc(665)] Failed to read DnsConfig.
[0618/001818:WARNING:dns_config_service_win.cc(665)] Failed to read DnsConfig.
[0618/001823:WARNING:dns_config_service_win.cc(665)] Failed to read DnsConfig.
[0618/001828:WARNING:dns_config_service_win.cc(665)] Failed to read DnsConfig.
[0618/001833:WARNING:dns_config_service_win.cc(665)] Failed to read DnsConfig.
[0618/001838:WARNING:dns_config_service_win.cc(665)] Failed to read DnsConfig.
[0618/001843:WARNING:dns_config_service_win.cc(665)] Failed to read DnsConfig.
[0618/001848:WARNING:dns_config_service_win.cc(665)] Failed to read DnsConfig.
[0618/001853:WARNING:dns_config_service_win.cc(665)] Failed to read DnsConfig.
[0618/001858:WARNING:dns_config_service_win.cc(665)] Failed to read DnsConfig.
[0618/001903:WARNING:dns_config_service_win.cc(665)] Failed to read DnsConfig.
[0618/001908:WARNING:dns_config_service_win.cc(665)] Failed to read DnsConfig.
[0618/001913:WARNING:dns_config_service_win.cc(665)] Failed to read DnsConfig.
[0618/001918:WARNING:dns_config_service_win.cc(665)] Failed to read DnsConfig.
[0618/001923:WARNING:dns_config_service_win.cc(665)] Failed to read DnsConfig.
[0618/001928:WARNING:dns_config_service_win.cc(665)] Failed to read DnsConfig.
[0618/001933:WARNING:dns_config_service_win.cc(665)] Failed to read DnsConfig.
[0618/001938:WARNING:dns_config_service_win.cc(665)] Failed to read DnsConfig.
[0618/001943:WARNING:dns_config_service_win.cc(665)] Failed to read DnsConfig.
[0618/001948:WARNING:dns_config_service_win.cc(665)] Failed to read DnsConfig.
[0618/001953:WARNING:dns_config_service_win.cc(665)] Failed to read DnsConfig.
[0618/001958:WARNING:dns_config_service_win.cc(665)] Failed to read DnsConfig.
[0618/002003:WARNING:dns_config_service_win.cc(665)] Failed to read DnsConfig.
[0618/002008:WARNING:dns_config_service_win.cc(665)] Failed to read DnsConfig.
[0618/002013:WARNING:dns_config_service_win.cc(665)] Failed to read DnsConfig.
[0618/002018:WARNING:dns_config_service_win.cc(665)] Failed to read DnsConfig.
